2023-05-16 20:05:773 INFO  HomePage :38 - Click on computer menu[[ChromeDriver: chrome on WINDOWS (2030d480173abfcff16cc59cfcf465b9)] -> xpath: //ul[1]/li/a[text()='Computers ']]
2023-05-16 20:05:683 INFO  ComputersPage :22 - Click on desktops[[ChromeDriver: chrome on WINDOWS (2030d480173abfcff16cc59cfcf465b9)] -> xpath: //img[@alt='Picture for category Desktops']]
2023-05-16 20:05:80 INFO  DesktopsPage :30 - Select sort Z to A[[ChromeDriver: chrome on WINDOWS (2030d480173abfcff16cc59cfcf465b9)] -> name: products-orderby]
2023-05-16 20:05:843 INFO  HomePage :48 - Hover on electronic[[ChromeDriver: chrome on WINDOWS (b6b49e4be290ea6eed3c9fbfbf9f3ab4)] -> xpath: //a[text()='Electronics ']]
2023-05-16 20:05:24 INFO  HomePage :53 - Click on cell phones[[ChromeDriver: chrome on WINDOWS (b6b49e4be290ea6eed3c9fbfbf9f3ab4)] -> xpath: //ul[1]/li[2]/ul[1]/li[2]/a[1]]
2023-05-16 20:05:949 INFO  CellPhonesPage :63 - Get cell phone text[[ChromeDriver: chrome on WINDOWS (b6b49e4be290ea6eed3c9fbfbf9f3ab4)] -> xpath: //h1[text()='Cell phones']]
2023-05-16 20:05:202 INFO  TopMenuPage :47 - Verify Computer text[[ChromeDriver: chrome on WINDOWS (e0a7154b73bb57c39c5a9f2770b943df)] -> xpath: //a[@href='/computers']]
2023-05-16 20:05:75 INFO  HomePage :38 - Click on computer menu[[ChromeDriver: chrome on WINDOWS (affe0d48affb95c955df7f7e40294d64)] -> xpath: //ul[1]/li/a[text()='Computers ']]
2023-05-16 20:05:551 INFO  ComputersPage :22 - Click on desktops[[ChromeDriver: chrome on WINDOWS (affe0d48affb95c955df7f7e40294d64)] -> xpath: //img[@alt='Picture for category Desktops']]
2023-05-16 20:05:950 INFO  DesktopsPage :35 - Select sort A to Z[[ChromeDriver: chrome on WINDOWS (affe0d48affb95c955df7f7e40294d64)] -> name: products-orderby]
2023-05-16 20:05:68 INFO  DesktopsPage :40 - CLick on add to cart button[[ChromeDriver: chrome on WINDOWS (affe0d48affb95c955df7f7e40294d64)] -> xpath: //body/div[6]/div[3]/div[1]/div[3]/div[1]/div[2]/div[2]/div[2]/div[1]/div[1]/div[1]/div[1]/div[2]/div[3]/div[2]/button[1]]
2023-05-16 20:05:50 INFO  BuildYourOwnComputerPage :65 - Get build your own computer text[[ChromeDriver: chrome on WINDOWS (affe0d48affb95c955df7f7e40294d64)] -> xpath: //h1[text()='Build your own computer']]
2023-05-16 20:05:101 INFO  BuildYourOwnComputerPage :70 - Select processor[[ChromeDriver: chrome on WINDOWS (affe0d48affb95c955df7f7e40294d64)] -> name: product_attribute_1]
2023-05-16 20:05:197 INFO  BuildYourOwnComputerPage :75 - Select ram[[ChromeDriver: chrome on WINDOWS (affe0d48affb95c955df7f7e40294d64)] -> name: product_attribute_2]
2023-05-16 20:05:284 INFO  BuildYourOwnComputerPage :80 - Select hdd[[ChromeDriver: chrome on WINDOWS (affe0d48affb95c955df7f7e40294d64)] -> id: product_attribute_3_7]
2023-05-16 20:05:353 INFO  BuildYourOwnComputerPage :85 - Select vista premium Os[[ChromeDriver: chrome on WINDOWS (affe0d48affb95c955df7f7e40294d64)] -> id: product_attribute_4_9]
2023-05-16 20:05:412 INFO  BuildYourOwnComputerPage :90 - Click on total command[[ChromeDriver: chrome on WINDOWS (affe0d48affb95c955df7f7e40294d64)] -> id: product_attribute_5_12]
2023-05-16 20:05:480 INFO  BuildYourOwnComputerPage :95 - Get price[[ChromeDriver: chrome on WINDOWS (affe0d48affb95c955df7f7e40294d64)] -> id: price-value-1]
2023-05-16 20:05:514 INFO  BuildYourOwnComputerPage :100 - Click on add to cart[[ChromeDriver: chrome on WINDOWS (affe0d48affb95c955df7f7e40294d64)] -> id: add-to-cart-button-1]
2023-05-16 20:05:822 INFO  BuildYourOwnComputerPage :105 - Get product added text[[ChromeDriver: chrome on WINDOWS (affe0d48affb95c955df7f7e40294d64)] -> xpath: //body/div[@id='bar-notification']/div[1]/p[1]]
2023-05-16 20:05:857 INFO  BuildYourOwnComputerPage :110 - Click on close button[[ChromeDriver: chrome on WINDOWS (affe0d48affb95c955df7f7e40294d64)] -> xpath: //span[@class='close']]
2023-05-16 20:05:912 INFO  BuildYourOwnComputerPage :115 - Mouse hover on shopping cart[[ChromeDriver: chrome on WINDOWS (affe0d48affb95c955df7f7e40294d64)] -> xpath: //span[@class='cart-label']]
2023-05-16 20:05:72 INFO  BuildYourOwnComputerPage :120 - Click on go to cart button[[ChromeDriver: chrome on WINDOWS (affe0d48affb95c955df7f7e40294d64)] -> xpath: //button[contains(text(),'Go to cart')]]
2023-05-16 20:05:491 INFO  CartPage :88 - Get shopping cart text[[ChromeDriver: chrome on WINDOWS (affe0d48affb95c955df7f7e40294d64)] -> xpath: //h1[text()='Shopping cart']]
2023-05-16 20:05:525 INFO  CartPage :93 - Change quantity[[ChromeDriver: chrome on WINDOWS (affe0d48affb95c955df7f7e40294d64)] -> xpath: //input[@value='1']]
2023-05-16 20:05:630 INFO  CartPage :99 - Click on update cart[[ChromeDriver: chrome on WINDOWS (affe0d48affb95c955df7f7e40294d64)] -> id: updatecart]
2023-05-16 20:05:102 INFO  CartPage :104 - Get total[[ChromeDriver: chrome on WINDOWS (affe0d48affb95c955df7f7e40294d64)] -> xpath: //tbody/tr[1]/td[6]/span[1]]
2023-05-16 20:05:133 INFO  CartPage :109 - Click on check box[[ChromeDriver: chrome on WINDOWS (affe0d48affb95c955df7f7e40294d64)] -> xpath: //input[@id='termsofservice']]
2023-05-16 20:05:190 INFO  CartPage :114 - Click on checkout button[[ChromeDriver: chrome on WINDOWS (affe0d48affb95c955df7f7e40294d64)] -> xpath: //button[@id='checkout']]
2023-05-16 20:05:725 INFO  CartPage :119 - Get welcome text[[ChromeDriver: chrome on WINDOWS (affe0d48affb95c955df7f7e40294d64)] -> xpath: //h1[text()='Welcome, Please Sign In!']]
2023-05-16 20:05:755 INFO  CartPage :124 - Click on checkout as guest[[ChromeDriver: chrome on WINDOWS (affe0d48affb95c955df7f7e40294d64)] -> xpath: //button[@class='button-1 checkout-as-guest-button']]
2023-05-16 20:05:397 INFO  CheckoutPage :86 - Enter first name[[ChromeDriver: chrome on WINDOWS (affe0d48affb95c955df7f7e40294d64)] -> id: BillingNewAddress_FirstName]
2023-05-16 20:05:453 INFO  CheckoutPage :88 - Enter last name[[ChromeDriver: chrome on WINDOWS (affe0d48affb95c955df7f7e40294d64)] -> id: BillingNewAddress_LastName]
2023-05-16 20:05:527 INFO  CheckoutPage :90 - Enter email id[[ChromeDriver: chrome on WINDOWS (affe0d48affb95c955df7f7e40294d64)] -> id: BillingNewAddress_Email]
2023-05-16 20:05:620 INFO  CheckoutPage :92 - Select country[[ChromeDriver: chrome on WINDOWS (affe0d48affb95c955df7f7e40294d64)] -> id: BillingNewAddress_CountryId]
2023-05-16 20:05:713 INFO  CheckoutPage :94 - Select city[[ChromeDriver: chrome on WINDOWS (affe0d48affb95c955df7f7e40294d64)] -> id: BillingNewAddress_City]
2023-05-16 20:05:780 INFO  CheckoutPage :96 - Enter address[[ChromeDriver: chrome on WINDOWS (affe0d48affb95c955df7f7e40294d64)] -> id: BillingNewAddress_Address1]
2023-05-16 20:05:855 INFO  CheckoutPage :98 - Enter postcode[[ChromeDriver: chrome on WINDOWS (affe0d48affb95c955df7f7e40294d64)] -> id: BillingNewAddress_ZipPostalCode]
2023-05-16 20:05:923 INFO  CheckoutPage :100 - Enter phone number[[ChromeDriver: chrome on WINDOWS (affe0d48affb95c955df7f7e40294d64)] -> id: BillingNewAddress_PhoneNumber]
2023-05-16 20:05:984 INFO  CheckoutPage :102 - Click on continue button[[ChromeDriver: chrome on WINDOWS (affe0d48affb95c955df7f7e40294d64)] -> name: save]
2023-05-16 20:05:322 INFO  CheckoutPage :107 - Click on next day button[[ChromeDriver: chrome on WINDOWS (affe0d48affb95c955df7f7e40294d64)] -> id: shippingoption_1]
2023-05-16 20:05:386 INFO  CheckoutPage :112 - Click on continue[[ChromeDriver: chrome on WINDOWS (affe0d48affb95c955df7f7e40294d64)] -> xpath: //button[@onclick='ShippingMethod.save()']]
2023-05-16 20:05:690 INFO  PaymentPage :47 - CLick on credit card radio button[[ChromeDriver: chrome on WINDOWS (affe0d48affb95c955df7f7e40294d64)] -> id: paymentmethod_1]
2023-05-16 20:05:747 INFO  PaymentPage :52 - Click on continue[[ChromeDriver: chrome on WINDOWS (affe0d48affb95c955df7f7e40294d64)] -> xpath: //li[4]/div[2]/div[1]/button[1]]
2023-05-16 20:05:44 INFO  PaymentPage :57 - Select master card[[ChromeDriver: chrome on WINDOWS (affe0d48affb95c955df7f7e40294d64)] -> id: CreditCardType]
2023-05-16 20:05:120 INFO  PaymentPage :62 - Enter card holder name[[ChromeDriver: chrome on WINDOWS (affe0d48affb95c955df7f7e40294d64)] -> id: CardholderName]
2023-05-16 20:05:183 INFO  PaymentPage :64 - Enter card number[[ChromeDriver: chrome on WINDOWS (affe0d48affb95c955df7f7e40294d64)] -> id: CardNumber]
2023-05-16 20:05:245 INFO  PaymentPage :66 - Select expire month[[ChromeDriver: chrome on WINDOWS (affe0d48affb95c955df7f7e40294d64)] -> id: ExpireMonth]
2023-05-16 20:05:310 INFO  PaymentPage :68 - Select expire year[[ChromeDriver: chrome on WINDOWS (affe0d48affb95c955df7f7e40294d64)] -> id: ExpireYear]
2023-05-16 20:05:375 INFO  PaymentPage :70 - Enter card code[[ChromeDriver: chrome on WINDOWS (affe0d48affb95c955df7f7e40294d64)] -> id: CardCode]
2023-05-16 20:05:425 INFO  PaymentPage :72 - Click on continue button[[ChromeDriver: chrome on WINDOWS (affe0d48affb95c955df7f7e40294d64)] -> xpath: //li[5]/div[2]/div[1]/button[1]]
2023-05-16 20:05:744 INFO  ConfirmOrderPage :60 - Get credit card text[[ChromeDriver: chrome on WINDOWS (affe0d48affb95c955df7f7e40294d64)] -> xpath: //span[contains(text(),'Credit Card')]]
2023-05-16 20:05:770 INFO  ConfirmOrderPage :65 - Get next day air text[[ChromeDriver: chrome on WINDOWS (affe0d48affb95c955df7f7e40294d64)] -> xpath: //body/div[6]/div[3]/div[1]/div[1]/div[1]/div[2]/ol[1]/li[6]/div[2]/div[1]/div[1]/div[1]/div[1]/div[1]/div[2]/div[2]/ul[1]/li[1]/span[2]]
2023-05-16 20:05:801 INFO  ConfirmOrderPage :70 - Click on confirm button[[ChromeDriver: chrome on WINDOWS (affe0d48affb95c955df7f7e40294d64)] -> xpath: //button[contains(text(),'Confirm')]]
2023-05-16 20:05:544 INFO  ConfirmOrderPage :75 - Get thank you text[[ChromeDriver: chrome on WINDOWS (affe0d48affb95c955df7f7e40294d64)] -> xpath: //h1[contains(text(),'Thank you')]]
2023-05-16 20:05:570 INFO  ConfirmOrderPage :80 - Get success message[[ChromeDriver: chrome on WINDOWS (affe0d48affb95c955df7f7e40294d64)] -> xpath: //strong[contains(text(),'Your order has been successfully processed!')]]
2023-05-16 20:05:598 INFO  ConfirmOrderPage :85 - Click on continue button[[ChromeDriver: chrome on WINDOWS (affe0d48affb95c955df7f7e40294d64)] -> xpath: //button[contains(text(),'Continue')]]
2023-05-16 20:05:965 INFO  HomePage :43 - Get welcome to store text[[ChromeDriver: chrome on WINDOWS (affe0d48affb95c955df7f7e40294d64)] -> xpath: //h2[contains(text(),'Welcome to our store')]]
2023-05-16 20:05:723 INFO  HomePage :48 - Hover on electronic[[ChromeDriver: chrome on WINDOWS (4f76b3083dd43a12367d5084b43f450c)] -> xpath: //a[text()='Electronics ']]
2023-05-16 20:05:889 INFO  HomePage :53 - Click on cell phones[[ChromeDriver: chrome on WINDOWS (4f76b3083dd43a12367d5084b43f450c)] -> xpath: //ul[1]/li[2]/ul[1]/li[2]/a[1]]
2023-05-16 20:05:386 INFO  CellPhonesPage :63 - Get cell phone text[[ChromeDriver: chrome on WINDOWS (4f76b3083dd43a12367d5084b43f450c)] -> xpath: //h1[text()='Cell phones']]
2023-05-16 20:05:419 INFO  CellPhonesPage :68 - Click on list view tab[[ChromeDriver: chrome on WINDOWS (4f76b3083dd43a12367d5084b43f450c)] -> xpath: //a[contains(text(),'List')]]
2023-05-16 20:05:494 INFO  CellPhonesPage :73 - Click on nokia lumia product[[ChromeDriver: chrome on WINDOWS (4f76b3083dd43a12367d5084b43f450c)] -> xpath: //div[3]/div[1]/div[2]/h2[1]/a]
2023-05-16 20:05:440 INFO  CellPhonesPage :78 - Verify nokia lumia text[[ChromeDriver: chrome on WINDOWS (4f76b3083dd43a12367d5084b43f450c)] -> xpath: //h1[text()='Nokia Lumia 1020']]
2023-05-16 20:05:462 INFO  CellPhonesPage :83 - Verify price[[ChromeDriver: chrome on WINDOWS (4f76b3083dd43a12367d5084b43f450c)] -> id: price-value-20]
2023-05-16 20:05:495 INFO  CellPhonesPage :88 - Change quantity[[ChromeDriver: chrome on WINDOWS (4f76b3083dd43a12367d5084b43f450c)] -> name: addtocart_20.EnteredQuantity]
2023-05-16 20:05:627 INFO  CellPhonesPage :94 - Click on add to cart[[ChromeDriver: chrome on WINDOWS (4f76b3083dd43a12367d5084b43f450c)] -> id: add-to-cart-button-20]
2023-05-16 20:05:956 INFO  CellPhonesPage :99 - Verify product added in shopping cart text[[ChromeDriver: chrome on WINDOWS (4f76b3083dd43a12367d5084b43f450c)] -> xpath: //body/div[@id='bar-notification']/div[1]/p[1]]
2023-05-16 20:05:994 INFO  CellPhonesPage :104 - Click on close button[[ChromeDriver: chrome on WINDOWS (4f76b3083dd43a12367d5084b43f450c)] -> xpath: //span[@title='Close']]
2023-05-16 20:05:54 INFO  CellPhonesPage :109 - Mouse hover on shopping cart[[ChromeDriver: chrome on WINDOWS (4f76b3083dd43a12367d5084b43f450c)] -> xpath: //span[text()='Shopping cart']]
2023-05-16 20:05:70 INFO  CellPhonesPage :110 - Click on go to cart[[ChromeDriver: chrome on WINDOWS (4f76b3083dd43a12367d5084b43f450c)] -> xpath: //button[text()='Go to cart']]
2023-05-16 20:05:574 INFO  CartPage :129 - Verify shopping cart text[[ChromeDriver: chrome on WINDOWS (4f76b3083dd43a12367d5084b43f450c)] -> xpath: //h1[text()='Shopping cart']]
2023-05-16 20:05:603 INFO  CartPage :134 - Verify quantity[[ChromeDriver: chrome on WINDOWS (4f76b3083dd43a12367d5084b43f450c)] -> xpath: //span[contains(text(),'(2)')]]
2023-05-16 20:05:629 INFO  CartPage :139 - Verify total[[ChromeDriver: chrome on WINDOWS (4f76b3083dd43a12367d5084b43f450c)] -> xpath: //tbody/tr[1]/td[6]/span[1]]
2023-05-16 20:05:660 INFO  CartPage :109 - Click on check box[[ChromeDriver: chrome on WINDOWS (4f76b3083dd43a12367d5084b43f450c)] -> xpath: //input[@id='termsofservice']]
2023-05-16 20:05:734 INFO  CartPage :114 - Click on checkout button[[ChromeDriver: chrome on WINDOWS (4f76b3083dd43a12367d5084b43f450c)] -> xpath: //button[@id='checkout']]
2023-05-16 20:05:291 INFO  CartPage :154 - Verify welcome message[[ChromeDriver: chrome on WINDOWS (4f76b3083dd43a12367d5084b43f450c)] -> xpath: //h1[text()='Welcome, Please Sign In!']]
2023-05-16 20:05:319 INFO  CartPage :159 - Click on register tab[[ChromeDriver: chrome on WINDOWS (4f76b3083dd43a12367d5084b43f450c)] -> xpath: //button[text()='Register']]
2023-05-16 20:05:636 INFO  RegisterPage :60 - Verify register text[[ChromeDriver: chrome on WINDOWS (4f76b3083dd43a12367d5084b43f450c)] -> xpath: //h1[text()='Register']]
2023-05-16 20:05:664 INFO  RegisterPage :65 - Click on gender[[ChromeDriver: chrome on WINDOWS (4f76b3083dd43a12367d5084b43f450c)] -> id: gender-male]
2023-05-16 20:05:713 INFO  RegisterPage :67 - Enter first name[[ChromeDriver: chrome on WINDOWS (4f76b3083dd43a12367d5084b43f450c)] -> id: FirstName]
2023-05-16 20:05:760 INFO  RegisterPage :69 - Enter last name[[ChromeDriver: chrome on WINDOWS (4f76b3083dd43a12367d5084b43f450c)] -> id: LastName]
2023-05-16 20:05:815 INFO  RegisterPage :71 - Select day[[ChromeDriver: chrome on WINDOWS (4f76b3083dd43a12367d5084b43f450c)] -> name: DateOfBirthDay]
2023-05-16 20:05:904 INFO  RegisterPage :73 - Select month[[ChromeDriver: chrome on WINDOWS (4f76b3083dd43a12367d5084b43f450c)] -> name: DateOfBirthMonth]
2023-05-16 20:05:973 INFO  RegisterPage :75 - Select year[[ChromeDriver: chrome on WINDOWS (4f76b3083dd43a12367d5084b43f450c)] -> name: DateOfBirthYear]
2023-05-16 20:05:39 INFO  RegisterPage :77 - Enter email[[ChromeDriver: chrome on WINDOWS (4f76b3083dd43a12367d5084b43f450c)] -> id: Email]
2023-05-16 20:05:93 INFO  RegisterPage :79 - Enter password[[ChromeDriver: chrome on WINDOWS (4f76b3083dd43a12367d5084b43f450c)] -> id: Password]
2023-05-16 20:05:150 INFO  RegisterPage :81 - Enter confirm password[[ChromeDriver: chrome on WINDOWS (4f76b3083dd43a12367d5084b43f450c)] -> id: ConfirmPassword]
2023-05-16 20:05:210 INFO  RegisterPage :86 - Click on registration button[[ChromeDriver: chrome on WINDOWS (4f76b3083dd43a12367d5084b43f450c)] -> id: register-button]
2023-05-16 20:05:816 INFO  RegisterPage :91 - Verify registration text[[ChromeDriver: chrome on WINDOWS (4f76b3083dd43a12367d5084b43f450c)] -> xpath: //div[text()='Your registration completed']]
2023-05-16 20:05:839 INFO  RegisterPage :96 - Click on continue tab[[ChromeDriver: chrome on WINDOWS (4f76b3083dd43a12367d5084b43f450c)] -> xpath: //a[text()='Continue']]
2023-05-16 20:05:397 INFO  TopMenuPage :52 - Verify electronics textProxy element for: DefaultElementLocator 'By.xpath: //a[@href='/electronics']'
2023-05-16 20:05:223 INFO  HomePage :38 - Click on computer menu[[ChromeDriver: chrome on WINDOWS (aea70d0075aa65ad4a6601a75291ced9)] -> xpath: //ul[1]/li/a[text()='Computers ']]
2023-05-16 20:05:136 INFO  ComputersPage :22 - Click on desktops[[ChromeDriver: chrome on WINDOWS (aea70d0075aa65ad4a6601a75291ced9)] -> xpath: //img[@alt='Picture for category Desktops']]
2023-05-16 20:05:528 INFO  DesktopsPage :30 - Select sort Z to A[[ChromeDriver: chrome on WINDOWS (aea70d0075aa65ad4a6601a75291ced9)] -> name: products-orderby]
2023-05-16 20:05:865 INFO  HomePage :38 - Click on computer menu[[ChromeDriver: chrome on WINDOWS (b87c048f621ac8f9d919f70ed9852be8)] -> xpath: //ul[1]/li/a[text()='Computers ']]
2023-05-16 20:05:754 INFO  ComputersPage :22 - Click on desktops[[ChromeDriver: chrome on WINDOWS (b87c048f621ac8f9d919f70ed9852be8)] -> xpath: //img[@alt='Picture for category Desktops']]
2023-05-16 20:05:180 INFO  DesktopsPage :35 - Select sort A to Z[[ChromeDriver: chrome on WINDOWS (b87c048f621ac8f9d919f70ed9852be8)] -> name: products-orderby]
2023-05-16 20:05:299 INFO  DesktopsPage :40 - CLick on add to cart button[[ChromeDriver: chrome on WINDOWS (b87c048f621ac8f9d919f70ed9852be8)] -> xpath: //body/div[6]/div[3]/div[1]/div[3]/div[1]/div[2]/div[2]/div[2]/div[1]/div[1]/div[1]/div[1]/div[2]/div[3]/div[2]/button[1]]
2023-05-16 20:05:173 INFO  BuildYourOwnComputerPage :65 - Get build your own computer text[[ChromeDriver: chrome on WINDOWS (b87c048f621ac8f9d919f70ed9852be8)] -> xpath: //h1[text()='Build your own computer']]
2023-05-16 20:05:211 INFO  BuildYourOwnComputerPage :70 - Select processor[[ChromeDriver: chrome on WINDOWS (b87c048f621ac8f9d919f70ed9852be8)] -> name: product_attribute_1]
2023-05-16 20:05:288 INFO  BuildYourOwnComputerPage :75 - Select ram[[ChromeDriver: chrome on WINDOWS (b87c048f621ac8f9d919f70ed9852be8)] -> name: product_attribute_2]
2023-05-16 20:05:368 INFO  BuildYourOwnComputerPage :80 - Select hdd[[ChromeDriver: chrome on WINDOWS (b87c048f621ac8f9d919f70ed9852be8)] -> id: product_attribute_3_7]
2023-05-16 20:05:433 INFO  BuildYourOwnComputerPage :85 - Select vista premium Os[[ChromeDriver: chrome on WINDOWS (b87c048f621ac8f9d919f70ed9852be8)] -> id: product_attribute_4_9]
2023-05-16 20:05:504 INFO  BuildYourOwnComputerPage :90 - Click on total command[[ChromeDriver: chrome on WINDOWS (b87c048f621ac8f9d919f70ed9852be8)] -> id: product_attribute_5_12]
2023-05-16 20:05:564 INFO  BuildYourOwnComputerPage :95 - Get price[[ChromeDriver: chrome on WINDOWS (b87c048f621ac8f9d919f70ed9852be8)] -> id: price-value-1]
2023-05-16 20:05:590 INFO  BuildYourOwnComputerPage :100 - Click on add to cart[[ChromeDriver: chrome on WINDOWS (b87c048f621ac8f9d919f70ed9852be8)] -> id: add-to-cart-button-1]
2023-05-16 20:05:888 INFO  BuildYourOwnComputerPage :105 - Get product added text[[ChromeDriver: chrome on WINDOWS (b87c048f621ac8f9d919f70ed9852be8)] -> xpath: //body/div[@id='bar-notification']/div[1]/p[1]]
2023-05-16 20:05:922 INFO  BuildYourOwnComputerPage :110 - Click on close button[[ChromeDriver: chrome on WINDOWS (b87c048f621ac8f9d919f70ed9852be8)] -> xpath: //span[@class='close']]
2023-05-16 20:05:977 INFO  BuildYourOwnComputerPage :115 - Mouse hover on shopping cart[[ChromeDriver: chrome on WINDOWS (b87c048f621ac8f9d919f70ed9852be8)] -> xpath: //span[@class='cart-label']]
2023-05-16 20:05:126 INFO  BuildYourOwnComputerPage :120 - Click on go to cart button[[ChromeDriver: chrome on WINDOWS (b87c048f621ac8f9d919f70ed9852be8)] -> xpath: //button[contains(text(),'Go to cart')]]
2023-05-16 20:05:530 INFO  CartPage :88 - Get shopping cart text[[ChromeDriver: chrome on WINDOWS (b87c048f621ac8f9d919f70ed9852be8)] -> xpath: //h1[text()='Shopping cart']]
2023-05-16 20:05:552 INFO  CartPage :93 - Change quantity[[ChromeDriver: chrome on WINDOWS (b87c048f621ac8f9d919f70ed9852be8)] -> xpath: //input[@value='1']]
2023-05-16 20:05:655 INFO  CartPage :99 - Click on update cart[[ChromeDriver: chrome on WINDOWS (b87c048f621ac8f9d919f70ed9852be8)] -> id: updatecart]
2023-05-16 20:05:106 INFO  CartPage :104 - Get total[[ChromeDriver: chrome on WINDOWS (b87c048f621ac8f9d919f70ed9852be8)] -> xpath: //tbody/tr[1]/td[6]/span[1]]
2023-05-16 20:05:141 INFO  CartPage :109 - Click on check box[[ChromeDriver: chrome on WINDOWS (b87c048f621ac8f9d919f70ed9852be8)] -> xpath: //input[@id='termsofservice']]
2023-05-16 20:05:197 INFO  CartPage :114 - Click on checkout button[[ChromeDriver: chrome on WINDOWS (b87c048f621ac8f9d919f70ed9852be8)] -> xpath: //button[@id='checkout']]
2023-05-16 20:05:764 INFO  CartPage :119 - Get welcome text[[ChromeDriver: chrome on WINDOWS (b87c048f621ac8f9d919f70ed9852be8)] -> xpath: //h1[text()='Welcome, Please Sign In!']]
2023-05-16 20:05:788 INFO  CartPage :124 - Click on checkout as guest[[ChromeDriver: chrome on WINDOWS (b87c048f621ac8f9d919f70ed9852be8)] -> xpath: //button[@class='button-1 checkout-as-guest-button']]
2023-05-16 20:05:442 INFO  CheckoutPage :86 - Enter first name[[ChromeDriver: chrome on WINDOWS (b87c048f621ac8f9d919f70ed9852be8)] -> id: BillingNewAddress_FirstName]
2023-05-16 20:05:523 INFO  CheckoutPage :88 - Enter last name[[ChromeDriver: chrome on WINDOWS (b87c048f621ac8f9d919f70ed9852be8)] -> id: BillingNewAddress_LastName]
2023-05-16 20:05:608 INFO  CheckoutPage :90 - Enter email id[[ChromeDriver: chrome on WINDOWS (b87c048f621ac8f9d919f70ed9852be8)] -> id: BillingNewAddress_Email]
2023-05-16 20:05:681 INFO  CheckoutPage :92 - Select country[[ChromeDriver: chrome on WINDOWS (b87c048f621ac8f9d919f70ed9852be8)] -> id: BillingNewAddress_CountryId]
2023-05-16 20:05:753 INFO  CheckoutPage :94 - Select city[[ChromeDriver: chrome on WINDOWS (b87c048f621ac8f9d919f70ed9852be8)] -> id: BillingNewAddress_City]
2023-05-16 20:05:815 INFO  CheckoutPage :96 - Enter address[[ChromeDriver: chrome on WINDOWS (b87c048f621ac8f9d919f70ed9852be8)] -> id: BillingNewAddress_Address1]
2023-05-16 20:05:881 INFO  CheckoutPage :98 - Enter postcode[[ChromeDriver: chrome on WINDOWS (b87c048f621ac8f9d919f70ed9852be8)] -> id: BillingNewAddress_ZipPostalCode]
2023-05-16 20:05:941 INFO  CheckoutPage :100 - Enter phone number[[ChromeDriver: chrome on WINDOWS (b87c048f621ac8f9d919f70ed9852be8)] -> id: BillingNewAddress_PhoneNumber]
2023-05-16 20:05:04 INFO  CheckoutPage :102 - Click on continue button[[ChromeDriver: chrome on WINDOWS (b87c048f621ac8f9d919f70ed9852be8)] -> name: save]
2023-05-16 20:05:313 INFO  CheckoutPage :107 - Click on next day button[[ChromeDriver: chrome on WINDOWS (b87c048f621ac8f9d919f70ed9852be8)] -> id: shippingoption_1]
2023-05-16 20:05:372 INFO  CheckoutPage :112 - Click on continue[[ChromeDriver: chrome on WINDOWS (b87c048f621ac8f9d919f70ed9852be8)] -> xpath: //button[@onclick='ShippingMethod.save()']]
2023-05-16 20:05:661 INFO  PaymentPage :47 - CLick on credit card radio button[[ChromeDriver: chrome on WINDOWS (b87c048f621ac8f9d919f70ed9852be8)] -> id: paymentmethod_1]
2023-05-16 20:05:716 INFO  PaymentPage :52 - Click on continue[[ChromeDriver: chrome on WINDOWS (b87c048f621ac8f9d919f70ed9852be8)] -> xpath: //li[4]/div[2]/div[1]/button[1]]
2023-05-16 20:05:17 INFO  PaymentPage :57 - Select master card[[ChromeDriver: chrome on WINDOWS (b87c048f621ac8f9d919f70ed9852be8)] -> id: CreditCardType]
2023-05-16 20:05:93 INFO  PaymentPage :62 - Enter card holder name[[ChromeDriver: chrome on WINDOWS (b87c048f621ac8f9d919f70ed9852be8)] -> id: CardholderName]
2023-05-16 20:05:180 INFO  PaymentPage :64 - Enter card number[[ChromeDriver: chrome on WINDOWS (b87c048f621ac8f9d919f70ed9852be8)] -> id: CardNumber]
2023-05-16 20:05:267 INFO  PaymentPage :66 - Select expire month[[ChromeDriver: chrome on WINDOWS (b87c048f621ac8f9d919f70ed9852be8)] -> id: ExpireMonth]
2023-05-16 20:05:356 INFO  PaymentPage :68 - Select expire year[[ChromeDriver: chrome on WINDOWS (b87c048f621ac8f9d919f70ed9852be8)] -> id: ExpireYear]
2023-05-16 20:05:436 INFO  PaymentPage :70 - Enter card code[[ChromeDriver: chrome on WINDOWS (b87c048f621ac8f9d919f70ed9852be8)] -> id: CardCode]
2023-05-16 20:05:489 INFO  PaymentPage :72 - Click on continue button[[ChromeDriver: chrome on WINDOWS (b87c048f621ac8f9d919f70ed9852be8)] -> xpath: //li[5]/div[2]/div[1]/button[1]]
2023-05-16 20:05:794 INFO  ConfirmOrderPage :60 - Get credit card text[[ChromeDriver: chrome on WINDOWS (b87c048f621ac8f9d919f70ed9852be8)] -> xpath: //span[contains(text(),'Credit Card')]]
2023-05-16 20:05:816 INFO  ConfirmOrderPage :65 - Get next day air text[[ChromeDriver: chrome on WINDOWS (b87c048f621ac8f9d919f70ed9852be8)] -> xpath: //body/div[6]/div[3]/div[1]/div[1]/div[1]/div[2]/ol[1]/li[6]/div[2]/div[1]/div[1]/div[1]/div[1]/div[1]/div[2]/div[2]/ul[1]/li[1]/span[2]]
2023-05-16 20:05:844 INFO  ConfirmOrderPage :70 - Click on confirm button[[ChromeDriver: chrome on WINDOWS (b87c048f621ac8f9d919f70ed9852be8)] -> xpath: //button[contains(text(),'Confirm')]]
2023-05-16 20:05:518 INFO  ConfirmOrderPage :75 - Get thank you text[[ChromeDriver: chrome on WINDOWS (b87c048f621ac8f9d919f70ed9852be8)] -> xpath: //h1[contains(text(),'Thank you')]]
2023-05-16 20:05:540 INFO  ConfirmOrderPage :80 - Get success message[[ChromeDriver: chrome on WINDOWS (b87c048f621ac8f9d919f70ed9852be8)] -> xpath: //strong[contains(text(),'Your order has been successfully processed!')]]
2023-05-16 20:05:567 INFO  ConfirmOrderPage :85 - Click on continue button[[ChromeDriver: chrome on WINDOWS (b87c048f621ac8f9d919f70ed9852be8)] -> xpath: //button[contains(text(),'Continue')]]
2023-05-16 20:05:910 INFO  HomePage :43 - Get welcome to store text[[ChromeDriver: chrome on WINDOWS (b87c048f621ac8f9d919f70ed9852be8)] -> xpath: //h2[contains(text(),'Welcome to our store')]]
2023-05-16 20:05:330 INFO  HomePage :48 - Hover on electronic[[ChromeDriver: chrome on WINDOWS (a82c80ad238ee1b8d003878650c0e521)] -> xpath: //a[text()='Electronics ']]
2023-05-16 20:05:484 INFO  HomePage :53 - Click on cell phones[[ChromeDriver: chrome on WINDOWS (a82c80ad238ee1b8d003878650c0e521)] -> xpath: //ul[1]/li[2]/ul[1]/li[2]/a[1]]
2023-05-16 20:05:950 INFO  CellPhonesPage :63 - Get cell phone text[[ChromeDriver: chrome on WINDOWS (a82c80ad238ee1b8d003878650c0e521)] -> xpath: //h1[text()='Cell phones']]
2023-05-16 20:05:562 INFO  HomePage :48 - Hover on electronic[[ChromeDriver: chrome on WINDOWS (31cb95a1fbd5cff699b90543f3a7233d)] -> xpath: //a[text()='Electronics ']]
2023-05-16 20:05:733 INFO  HomePage :53 - Click on cell phones[[ChromeDriver: chrome on WINDOWS (31cb95a1fbd5cff699b90543f3a7233d)] -> xpath: //ul[1]/li[2]/ul[1]/li[2]/a[1]]
2023-05-16 20:05:597 INFO  CellPhonesPage :63 - Get cell phone text[[ChromeDriver: chrome on WINDOWS (31cb95a1fbd5cff699b90543f3a7233d)] -> xpath: //h1[text()='Cell phones']]
2023-05-16 20:05:627 INFO  CellPhonesPage :68 - Click on list view tab[[ChromeDriver: chrome on WINDOWS (31cb95a1fbd5cff699b90543f3a7233d)] -> xpath: //a[contains(text(),'List')]]
2023-05-16 20:05:702 INFO  CellPhonesPage :73 - Click on nokia lumia product[[ChromeDriver: chrome on WINDOWS (31cb95a1fbd5cff699b90543f3a7233d)] -> xpath: //div[3]/div[1]/div[2]/h2[1]/a]
2023-05-16 20:05:524 INFO  CellPhonesPage :78 - Verify nokia lumia text[[ChromeDriver: chrome on WINDOWS (31cb95a1fbd5cff699b90543f3a7233d)] -> xpath: //h1[text()='Nokia Lumia 1020']]
2023-05-16 20:05:563 INFO  CellPhonesPage :83 - Verify price[[ChromeDriver: chrome on WINDOWS (31cb95a1fbd5cff699b90543f3a7233d)] -> id: price-value-20]
2023-05-16 20:05:588 INFO  CellPhonesPage :88 - Change quantity[[ChromeDriver: chrome on WINDOWS (31cb95a1fbd5cff699b90543f3a7233d)] -> name: addtocart_20.EnteredQuantity]
2023-05-16 20:05:737 INFO  CellPhonesPage :94 - Click on add to cart[[ChromeDriver: chrome on WINDOWS (31cb95a1fbd5cff699b90543f3a7233d)] -> id: add-to-cart-button-20]
2023-05-16 20:05:17 INFO  CellPhonesPage :99 - Verify product added in shopping cart text[[ChromeDriver: chrome on WINDOWS (31cb95a1fbd5cff699b90543f3a7233d)] -> xpath: //body/div[@id='bar-notification']/div[1]/p[1]]
2023-05-16 20:05:53 INFO  CellPhonesPage :104 - Click on close button[[ChromeDriver: chrome on WINDOWS (31cb95a1fbd5cff699b90543f3a7233d)] -> xpath: //span[@title='Close']]
2023-05-16 20:05:110 INFO  CellPhonesPage :109 - Mouse hover on shopping cart[[ChromeDriver: chrome on WINDOWS (31cb95a1fbd5cff699b90543f3a7233d)] -> xpath: //span[text()='Shopping cart']]
2023-05-16 20:05:132 INFO  CellPhonesPage :110 - Click on go to cart[[ChromeDriver: chrome on WINDOWS (31cb95a1fbd5cff699b90543f3a7233d)] -> xpath: //button[text()='Go to cart']]
2023-05-16 20:05:613 INFO  CartPage :129 - Verify shopping cart text[[ChromeDriver: chrome on WINDOWS (31cb95a1fbd5cff699b90543f3a7233d)] -> xpath: //h1[text()='Shopping cart']]
2023-05-16 20:05:649 INFO  CartPage :134 - Verify quantity[[ChromeDriver: chrome on WINDOWS (31cb95a1fbd5cff699b90543f3a7233d)] -> xpath: //span[contains(text(),'(2)')]]
2023-05-16 20:05:686 INFO  CartPage :139 - Verify total[[ChromeDriver: chrome on WINDOWS (31cb95a1fbd5cff699b90543f3a7233d)] -> xpath: //tbody/tr[1]/td[6]/span[1]]
2023-05-16 20:05:725 INFO  CartPage :109 - Click on check box[[ChromeDriver: chrome on WINDOWS (31cb95a1fbd5cff699b90543f3a7233d)] -> xpath: //input[@id='termsofservice']]
2023-05-16 20:05:809 INFO  CartPage :114 - Click on checkout button[[ChromeDriver: chrome on WINDOWS (31cb95a1fbd5cff699b90543f3a7233d)] -> xpath: //button[@id='checkout']]
2023-05-16 20:05:404 INFO  CartPage :154 - Verify welcome message[[ChromeDriver: chrome on WINDOWS (31cb95a1fbd5cff699b90543f3a7233d)] -> xpath: //h1[text()='Welcome, Please Sign In!']]
2023-05-16 20:05:429 INFO  CartPage :159 - Click on register tab[[ChromeDriver: chrome on WINDOWS (31cb95a1fbd5cff699b90543f3a7233d)] -> xpath: //button[text()='Register']]
2023-05-16 20:05:762 INFO  RegisterPage :60 - Verify register text[[ChromeDriver: chrome on WINDOWS (31cb95a1fbd5cff699b90543f3a7233d)] -> xpath: //h1[text()='Register']]
2023-05-16 20:05:790 INFO  RegisterPage :65 - Click on gender[[ChromeDriver: chrome on WINDOWS (31cb95a1fbd5cff699b90543f3a7233d)] -> id: gender-male]
2023-05-16 20:05:843 INFO  RegisterPage :67 - Enter first name[[ChromeDriver: chrome on WINDOWS (31cb95a1fbd5cff699b90543f3a7233d)] -> id: FirstName]
2023-05-16 20:05:895 INFO  RegisterPage :69 - Enter last name[[ChromeDriver: chrome on WINDOWS (31cb95a1fbd5cff699b90543f3a7233d)] -> id: LastName]
2023-05-16 20:05:958 INFO  RegisterPage :71 - Select day[[ChromeDriver: chrome on WINDOWS (31cb95a1fbd5cff699b90543f3a7233d)] -> name: DateOfBirthDay]
2023-05-16 20:05:32 INFO  RegisterPage :73 - Select month[[ChromeDriver: chrome on WINDOWS (31cb95a1fbd5cff699b90543f3a7233d)] -> name: DateOfBirthMonth]
2023-05-16 20:05:95 INFO  RegisterPage :75 - Select year[[ChromeDriver: chrome on WINDOWS (31cb95a1fbd5cff699b90543f3a7233d)] -> name: DateOfBirthYear]
2023-05-16 20:05:158 INFO  RegisterPage :77 - Enter email[[ChromeDriver: chrome on WINDOWS (31cb95a1fbd5cff699b90543f3a7233d)] -> id: Email]
2023-05-16 20:05:214 INFO  RegisterPage :79 - Enter password[[ChromeDriver: chrome on WINDOWS (31cb95a1fbd5cff699b90543f3a7233d)] -> id: Password]
2023-05-16 20:05:274 INFO  RegisterPage :81 - Enter confirm password[[ChromeDriver: chrome on WINDOWS (31cb95a1fbd5cff699b90543f3a7233d)] -> id: ConfirmPassword]
2023-05-16 20:05:336 INFO  RegisterPage :86 - Click on registration button[[ChromeDriver: chrome on WINDOWS (31cb95a1fbd5cff699b90543f3a7233d)] -> id: register-button]
2023-05-16 20:05:953 INFO  RegisterPage :91 - Verify registration text[[ChromeDriver: chrome on WINDOWS (31cb95a1fbd5cff699b90543f3a7233d)] -> xpath: //div[text()='Your registration completed']]
2023-05-16 20:05:983 INFO  RegisterPage :96 - Click on continue tab[[ChromeDriver: chrome on WINDOWS (31cb95a1fbd5cff699b90543f3a7233d)] -> xpath: //a[text()='Continue']]
2023-05-16 20:05:893 INFO  TopMenuPage :47 - Verify Computer text[[ChromeDriver: chrome on WINDOWS (8f1f6f5214be53f21754b1623844ea35)] -> xpath: //a[@href='/computers']]
2023-05-16 20:05:515 INFO  TopMenuPage :52 - Verify electronics text[[ChromeDriver: chrome on WINDOWS (948f8ff69499cf2bfee4d597c1173363)] -> xpath: //a[@href='/electronics']]
2023-05-16 20:05:795 INFO  TopMenuPage :57 - Verify apparel text[[ChromeDriver: chrome on WINDOWS (65146ec6b99cdee9f3249feef946bfd3)] -> xpath: //a[@href='/apparel']]
